2020-01-30 23:02:38,789 [WARN] from akka.util.ManifestInfo in application-akka.actor.default-dispatcher-3 - Detected possible incompatible versions on the classpath. Please note that a given Akka version MUST be the same across all modules of Akka that you are using, e.g. if you use [2.5.26] all other modules that are released together MUST be of the same version. Make sure you're using a compatible set of libraries. Possibly conflicting versions [2.5.22, 2.5.26] in libraries [akka-persistence:2.5.22, akka-protobuf:2.5.26, akka-coordination:2.5.22, akka-actor:2.5.26, akka-slf4j:2.5.26, akka-remote:2.5.22, akka-cluster:2.5.22, akka-stream:2.5.26, akka-cluster-tools:2.5.22]
2020-01-30 23:02:39,223 [INFO] from play.api.Play in play-dev-mode-akka.actor.default-dispatcher-6 - Application started (Dev) (no global state)
2020-01-30 23:03:03,575 [WARN] from controllers.AdminController in application-akka.actor.default-dispatcher-15 - name: Some(dawd)
2020-01-30 23:03:03,575 [WARN] from controllers.AdminController in application-akka.actor.default-dispatcher-23 - name: Some(dawd)
2020-01-30 23:06:54,285 [WARN] from controllers.AdminController in application-akka.actor.default-dispatcher-40 - name: Some(dwad)
2020-01-30 23:06:54,290 [WARN] from controllers.AdminController in application-akka.actor.default-dispatcher-46 - name: Some(dwad)
2020-01-30 23:07:12,235 [WARN] from controllers.AdminController in application-akka.actor.default-dispatcher-46 - name: Some(dawd)
2020-01-30 23:07:12,236 [WARN] from controllers.AdminController in application-akka.actor.default-dispatcher-43 - name: Some(dawd)
2020-01-30 23:09:26,516 [ERROR] from com.zaxxer.hikari.HikariConfig in application-akka.actor.default-dispatcher-44 - db - jdbcUrl is required with driverClassName.
2020-01-30 23:09:26,520 [WARN] from play.api.db.slick.DefaultSlickApi in application-akka.actor.default-dispatcher-44 - Error occurred while closing database default.
java.lang.IllegalArgumentException: jdbcUrl is required with driverClassName.
	at com.zaxxer.hikari.HikariConfig.validate(HikariConfig.java:782)
	at com.zaxxer.hikari.HikariDataSource.<init>(HikariDataSource.java:67)
	at slick.jdbc.hikaricp.HikariCPJdbcDataSource$.forConfig(HikariCPJdbcDataSource.scala:58)
	at slick.jdbc.hikaricp.HikariCPJdbcDataSource$.forConfig(HikariCPJdbcDataSource.scala:21)
	at slick.jdbc.JdbcDataSource$.forConfig(JdbcDataSource.scala:47)
	at slick.jdbc.JdbcBackend$DatabaseFactoryDef.forConfig(JdbcBackend.scala:287)
	at slick.jdbc.JdbcBackend$DatabaseFactoryDef.forConfig$(JdbcBackend.scala:284)
	at slick.jdbc.JdbcBackend$$anon$3.forConfig(JdbcBackend.scala:32)
	at slick.jdbc.JdbcBackend.createDatabase(JdbcBackend.scala:35)
	at slick.jdbc.JdbcBackend.createDatabase$(JdbcBackend.scala:35)
	at slick.jdbc.JdbcBackend$.createDatabase(JdbcBackend.scala:516)
	at slick.jdbc.JdbcBackend$.createDatabase(JdbcBackend.scala:516)
	at slick.basic.DatabaseConfig$$anon$1.db$lzycompute(DatabaseConfig.scala:103)
	at slick.basic.DatabaseConfig$$anon$1.db(DatabaseConfig.scala:102)
	at play.api.db.slick.DefaultSlickApi$DatabaseConfigFactory.$anonfun$registerDatabaseShutdownHook$3(SlickApi.scala:99)
	at scala.runtime.java8.JFunction0$mcV$sp.apply(JFunction0$mcV$sp.java:12)
	at scala.util.Try$.apply(Try.scala:209)
	at play.api.db.slick.DefaultSlickApi$DatabaseConfigFactory.$anonfun$registerDatabaseShutdownHook$2(SlickApi.scala:99)
	at scala.runtime.java8.JFunction0$mcV$sp.apply(JFunction0$mcV$sp.java:12)
	at scala.concurrent.Future$.$anonfun$apply$1(Future.scala:653)
	at scala.util.Success.$anonfun$map$1(Try.scala:251)
	at scala.util.Success.map(Try.scala:209)
	at scala.concurrent.Future.$anonfun$map$1(Future.scala:287)
	at scala.concurrent.impl.Promise.liftedTree1$1(Promise.scala:29)
	at scala.concurrent.impl.Promise.$anonfun$transform$1(Promise.scala:29)
	at scala.concurrent.impl.CallbackRunnable.run(Promise.scala:60)
	at akka.dispatch.BatchingExecutor$AbstractBatch.processBatch(BatchingExecutor.scala:55)
	at akka.dispatch.BatchingExecutor$BlockableBatch.$anonfun$run$1(BatchingExecutor.scala:92)
	at scala.runtime.java8.JFunction0$mcV$sp.apply(JFunction0$mcV$sp.java:12)
	at scala.concurrent.BlockContext$.withBlockContext(BlockContext.scala:81)
	at akka.dispatch.BatchingExecutor$BlockableBatch.run(BatchingExecutor.scala:92)
	at akka.dispatch.TaskInvocation.run(AbstractDispatcher.scala:41)
	at akka.dispatch.ForkJoinExecutorConfigurator$AkkaForkJoinTask.exec(ForkJoinExecutorConfigurator.scala:49)
	at akka.dispatch.forkjoin.ForkJoinTask.doExec(ForkJoinTask.java:260)
	at akka.dispatch.forkjoin.ForkJoinPool$WorkQueue.runTask(ForkJoinPool.java:1339)
	at akka.dispatch.forkjoin.ForkJoinPool.runWorker(ForkJoinPool.java:1979)
	at akka.dispatch.forkjoin.ForkJoinWorkerThread.run(ForkJoinWorkerThread.java:107)
2020-01-30 23:09:26,890 [WARN] from akka.util.ManifestInfo in application-akka.actor.default-dispatcher-2 - Detected possible incompatible versions on the classpath. Please note that a given Akka version MUST be the same across all modules of Akka that you are using, e.g. if you use [2.5.26] all other modules that are released together MUST be of the same version. Make sure you're using a compatible set of libraries. Possibly conflicting versions [2.5.22, 2.5.26] in libraries [akka-persistence:2.5.22, akka-protobuf:2.5.26, akka-coordination:2.5.22, akka-actor:2.5.26, akka-slf4j:2.5.26, akka-remote:2.5.22, akka-cluster:2.5.22, akka-stream:2.5.26, akka-cluster-tools:2.5.22]
2020-01-30 23:09:26,921 [INFO] from play.api.Play in play-dev-mode-akka.actor.default-dispatcher-13 - Application started (Dev) (no global state)
2020-01-30 23:09:26,972 [WARN] from controllers.AdminController in application-akka.actor.default-dispatcher-2 - name: Some(dawd)
2020-01-30 23:09:44,083 [WARN] from controllers.AdminController in application-akka.actor.default-dispatcher-28 - name: Some(dwa)
2020-01-30 23:09:44,084 [WARN] from controllers.AdminController in application-akka.actor.default-dispatcher-29 - name: Some(dwa)
2020-01-30 23:10:15,734 [ERROR] from com.zaxxer.hikari.HikariConfig in application-akka.actor.default-dispatcher-4 - db - jdbcUrl is required with driverClassName.
2020-01-30 23:10:15,734 [WARN] from play.api.db.slick.DefaultSlickApi in application-akka.actor.default-dispatcher-4 - Error occurred while closing database default.
java.lang.IllegalArgumentException: jdbcUrl is required with driverClassName.
	at com.zaxxer.hikari.HikariConfig.validate(HikariConfig.java:782)
	at com.zaxxer.hikari.HikariDataSource.<init>(HikariDataSource.java:67)
	at slick.jdbc.hikaricp.HikariCPJdbcDataSource$.forConfig(HikariCPJdbcDataSource.scala:58)
	at slick.jdbc.hikaricp.HikariCPJdbcDataSource$.forConfig(HikariCPJdbcDataSource.scala:21)
	at slick.jdbc.JdbcDataSource$.forConfig(JdbcDataSource.scala:47)
	at slick.jdbc.JdbcBackend$DatabaseFactoryDef.forConfig(JdbcBackend.scala:287)
	at slick.jdbc.JdbcBackend$DatabaseFactoryDef.forConfig$(JdbcBackend.scala:284)
	at slick.jdbc.JdbcBackend$$anon$3.forConfig(JdbcBackend.scala:32)
	at slick.jdbc.JdbcBackend.createDatabase(JdbcBackend.scala:35)
	at slick.jdbc.JdbcBackend.createDatabase$(JdbcBackend.scala:35)
	at slick.jdbc.JdbcBackend$.createDatabase(JdbcBackend.scala:516)
	at slick.jdbc.JdbcBackend$.createDatabase(JdbcBackend.scala:516)
	at slick.basic.DatabaseConfig$$anon$1.db$lzycompute(DatabaseConfig.scala:103)
	at slick.basic.DatabaseConfig$$anon$1.db(DatabaseConfig.scala:102)
	at play.api.db.slick.DefaultSlickApi$DatabaseConfigFactory.$anonfun$registerDatabaseShutdownHook$3(SlickApi.scala:99)
	at scala.runtime.java8.JFunction0$mcV$sp.apply(JFunction0$mcV$sp.java:12)
	at scala.util.Try$.apply(Try.scala:209)
	at play.api.db.slick.DefaultSlickApi$DatabaseConfigFactory.$anonfun$registerDatabaseShutdownHook$2(SlickApi.scala:99)
	at scala.runtime.java8.JFunction0$mcV$sp.apply(JFunction0$mcV$sp.java:12)
	at scala.concurrent.Future$.$anonfun$apply$1(Future.scala:653)
	at scala.util.Success.$anonfun$map$1(Try.scala:251)
	at scala.util.Success.map(Try.scala:209)
	at scala.concurrent.Future.$anonfun$map$1(Future.scala:287)
	at scala.concurrent.impl.Promise.liftedTree1$1(Promise.scala:29)
	at scala.concurrent.impl.Promise.$anonfun$transform$1(Promise.scala:29)
	at scala.concurrent.impl.CallbackRunnable.run(Promise.scala:60)
	at akka.dispatch.BatchingExecutor$AbstractBatch.processBatch(BatchingExecutor.scala:55)
	at akka.dispatch.BatchingExecutor$BlockableBatch.$anonfun$run$1(BatchingExecutor.scala:92)
	at scala.runtime.java8.JFunction0$mcV$sp.apply(JFunction0$mcV$sp.java:12)
	at scala.concurrent.BlockContext$.withBlockContext(BlockContext.scala:81)
	at akka.dispatch.BatchingExecutor$BlockableBatch.run(BatchingExecutor.scala:92)
	at akka.dispatch.TaskInvocation.run(AbstractDispatcher.scala:41)
	at akka.dispatch.ForkJoinExecutorConfigurator$AkkaForkJoinTask.exec(ForkJoinExecutorConfigurator.scala:49)
	at akka.dispatch.forkjoin.ForkJoinTask.doExec(ForkJoinTask.java:260)
	at akka.dispatch.forkjoin.ForkJoinPool$WorkQueue.runTask(ForkJoinPool.java:1339)
	at akka.dispatch.forkjoin.ForkJoinPool.runWorker(ForkJoinPool.java:1979)
	at akka.dispatch.forkjoin.ForkJoinWorkerThread.run(ForkJoinWorkerThread.java:107)
2020-01-30 23:10:16,020 [WARN] from akka.util.ManifestInfo in application-akka.actor.default-dispatcher-4 - Detected possible incompatible versions on the classpath. Please note that a given Akka version MUST be the same across all modules of Akka that you are using, e.g. if you use [2.5.26] all other modules that are released together MUST be of the same version. Make sure you're using a compatible set of libraries. Possibly conflicting versions [2.5.22, 2.5.26] in libraries [akka-persistence:2.5.22, akka-protobuf:2.5.26, akka-coordination:2.5.22, akka-actor:2.5.26, akka-slf4j:2.5.26, akka-remote:2.5.22, akka-cluster:2.5.22, akka-stream:2.5.26, akka-cluster-tools:2.5.22]
2020-01-30 23:10:16,058 [INFO] from play.api.Play in play-dev-mode-akka.actor.default-dispatcher-27 - Application started (Dev) (no global state)
2020-01-30 23:10:16,090 [WARN] from controllers.AdminController in application-akka.actor.default-dispatcher-3 - name: Some(dwa)
2020-01-30 23:11:21,845 [ERROR] from com.zaxxer.hikari.HikariConfig in application-akka.actor.default-dispatcher-2 - db - jdbcUrl is required with driverClassName.
2020-01-30 23:11:21,846 [WARN] from play.api.db.slick.DefaultSlickApi in application-akka.actor.default-dispatcher-2 - Error occurred while closing database default.
java.lang.IllegalArgumentException: jdbcUrl is required with driverClassName.
	at com.zaxxer.hikari.HikariConfig.validate(HikariConfig.java:782)
	at com.zaxxer.hikari.HikariDataSource.<init>(HikariDataSource.java:67)
	at slick.jdbc.hikaricp.HikariCPJdbcDataSource$.forConfig(HikariCPJdbcDataSource.scala:58)
	at slick.jdbc.hikaricp.HikariCPJdbcDataSource$.forConfig(HikariCPJdbcDataSource.scala:21)
	at slick.jdbc.JdbcDataSource$.forConfig(JdbcDataSource.scala:47)
	at slick.jdbc.JdbcBackend$DatabaseFactoryDef.forConfig(JdbcBackend.scala:287)
	at slick.jdbc.JdbcBackend$DatabaseFactoryDef.forConfig$(JdbcBackend.scala:284)
	at slick.jdbc.JdbcBackend$$anon$3.forConfig(JdbcBackend.scala:32)
	at slick.jdbc.JdbcBackend.createDatabase(JdbcBackend.scala:35)
	at slick.jdbc.JdbcBackend.createDatabase$(JdbcBackend.scala:35)
	at slick.jdbc.JdbcBackend$.createDatabase(JdbcBackend.scala:516)
	at slick.jdbc.JdbcBackend$.createDatabase(JdbcBackend.scala:516)
	at slick.basic.DatabaseConfig$$anon$1.db$lzycompute(DatabaseConfig.scala:103)
	at slick.basic.DatabaseConfig$$anon$1.db(DatabaseConfig.scala:102)
	at play.api.db.slick.DefaultSlickApi$DatabaseConfigFactory.$anonfun$registerDatabaseShutdownHook$3(SlickApi.scala:99)
	at scala.runtime.java8.JFunction0$mcV$sp.apply(JFunction0$mcV$sp.java:12)
	at scala.util.Try$.apply(Try.scala:209)
	at play.api.db.slick.DefaultSlickApi$DatabaseConfigFactory.$anonfun$registerDatabaseShutdownHook$2(SlickApi.scala:99)
	at scala.runtime.java8.JFunction0$mcV$sp.apply(JFunction0$mcV$sp.java:12)
	at scala.concurrent.Future$.$anonfun$apply$1(Future.scala:653)
	at scala.util.Success.$anonfun$map$1(Try.scala:251)
	at scala.util.Success.map(Try.scala:209)
	at scala.concurrent.Future.$anonfun$map$1(Future.scala:287)
	at scala.concurrent.impl.Promise.liftedTree1$1(Promise.scala:29)
	at scala.concurrent.impl.Promise.$anonfun$transform$1(Promise.scala:29)
	at scala.concurrent.impl.CallbackRunnable.run(Promise.scala:60)
	at akka.dispatch.BatchingExecutor$AbstractBatch.processBatch(BatchingExecutor.scala:55)
	at akka.dispatch.BatchingExecutor$BlockableBatch.$anonfun$run$1(BatchingExecutor.scala:92)
	at scala.runtime.java8.JFunction0$mcV$sp.apply(JFunction0$mcV$sp.java:12)
	at scala.concurrent.BlockContext$.withBlockContext(BlockContext.scala:81)
	at akka.dispatch.BatchingExecutor$BlockableBatch.run(BatchingExecutor.scala:92)
	at akka.dispatch.TaskInvocation.run(AbstractDispatcher.scala:41)
	at akka.dispatch.ForkJoinExecutorConfigurator$AkkaForkJoinTask.exec(ForkJoinExecutorConfigurator.scala:49)
	at akka.dispatch.forkjoin.ForkJoinTask.doExec(ForkJoinTask.java:260)
	at akka.dispatch.forkjoin.ForkJoinPool$WorkQueue.runTask(ForkJoinPool.java:1339)
	at akka.dispatch.forkjoin.ForkJoinPool.runWorker(ForkJoinPool.java:1979)
	at akka.dispatch.forkjoin.ForkJoinWorkerThread.run(ForkJoinWorkerThread.java:107)
2020-01-30 23:11:22,083 [WARN] from akka.util.ManifestInfo in application-akka.actor.default-dispatcher-2 - Detected possible incompatible versions on the classpath. Please note that a given Akka version MUST be the same across all modules of Akka that you are using, e.g. if you use [2.5.26] all other modules that are released together MUST be of the same version. Make sure you're using a compatible set of libraries. Possibly conflicting versions [2.5.22, 2.5.26] in libraries [akka-persistence:2.5.22, akka-protobuf:2.5.26, akka-coordination:2.5.22, akka-actor:2.5.26, akka-slf4j:2.5.26, akka-remote:2.5.22, akka-cluster:2.5.22, akka-stream:2.5.26, akka-cluster-tools:2.5.22]
2020-01-30 23:11:22,119 [INFO] from play.api.Play in play-dev-mode-akka.actor.default-dispatcher-26 - Application started (Dev) (no global state)
2020-01-30 23:11:22,154 [WARN] from controllers.AdminController in application-akka.actor.default-dispatcher-3 - name: Some(dwa)
2020-01-30 23:11:22,155 [WARN] from controllers.AdminController in application-akka.actor.default-dispatcher-3 - fileName: Screenshot from 2019-11-12 21-34-54.png
2020-01-30 23:14:27,913 [ERROR] from com.zaxxer.hikari.HikariConfig in application-akka.actor.default-dispatcher-2 - db - jdbcUrl is required with driverClassName.
2020-01-30 23:14:27,913 [WARN] from play.api.db.slick.DefaultSlickApi in application-akka.actor.default-dispatcher-2 - Error occurred while closing database default.
java.lang.IllegalArgumentException: jdbcUrl is required with driverClassName.
	at com.zaxxer.hikari.HikariConfig.validate(HikariConfig.java:782)
	at com.zaxxer.hikari.HikariDataSource.<init>(HikariDataSource.java:67)
	at slick.jdbc.hikaricp.HikariCPJdbcDataSource$.forConfig(HikariCPJdbcDataSource.scala:58)
	at slick.jdbc.hikaricp.HikariCPJdbcDataSource$.forConfig(HikariCPJdbcDataSource.scala:21)
	at slick.jdbc.JdbcDataSource$.forConfig(JdbcDataSource.scala:47)
	at slick.jdbc.JdbcBackend$DatabaseFactoryDef.forConfig(JdbcBackend.scala:287)
	at slick.jdbc.JdbcBackend$DatabaseFactoryDef.forConfig$(JdbcBackend.scala:284)
	at slick.jdbc.JdbcBackend$$anon$3.forConfig(JdbcBackend.scala:32)
	at slick.jdbc.JdbcBackend.createDatabase(JdbcBackend.scala:35)
	at slick.jdbc.JdbcBackend.createDatabase$(JdbcBackend.scala:35)
	at slick.jdbc.JdbcBackend$.createDatabase(JdbcBackend.scala:516)
	at slick.jdbc.JdbcBackend$.createDatabase(JdbcBackend.scala:516)
	at slick.basic.DatabaseConfig$$anon$1.db$lzycompute(DatabaseConfig.scala:103)
	at slick.basic.DatabaseConfig$$anon$1.db(DatabaseConfig.scala:102)
	at play.api.db.slick.DefaultSlickApi$DatabaseConfigFactory.$anonfun$registerDatabaseShutdownHook$3(SlickApi.scala:99)
	at scala.runtime.java8.JFunction0$mcV$sp.apply(JFunction0$mcV$sp.java:12)
	at scala.util.Try$.apply(Try.scala:209)
	at play.api.db.slick.DefaultSlickApi$DatabaseConfigFactory.$anonfun$registerDatabaseShutdownHook$2(SlickApi.scala:99)
	at scala.runtime.java8.JFunction0$mcV$sp.apply(JFunction0$mcV$sp.java:12)
	at scala.concurrent.Future$.$anonfun$apply$1(Future.scala:653)
	at scala.util.Success.$anonfun$map$1(Try.scala:251)
	at scala.util.Success.map(Try.scala:209)
	at scala.concurrent.Future.$anonfun$map$1(Future.scala:287)
	at scala.concurrent.impl.Promise.liftedTree1$1(Promise.scala:29)
	at scala.concurrent.impl.Promise.$anonfun$transform$1(Promise.scala:29)
	at scala.concurrent.impl.CallbackRunnable.run(Promise.scala:60)
	at akka.dispatch.BatchingExecutor$AbstractBatch.processBatch(BatchingExecutor.scala:55)
	at akka.dispatch.BatchingExecutor$BlockableBatch.$anonfun$run$1(BatchingExecutor.scala:92)
	at scala.runtime.java8.JFunction0$mcV$sp.apply(JFunction0$mcV$sp.java:12)
	at scala.concurrent.BlockContext$.withBlockContext(BlockContext.scala:81)
	at akka.dispatch.BatchingExecutor$BlockableBatch.run(BatchingExecutor.scala:92)
	at akka.dispatch.TaskInvocation.run(AbstractDispatcher.scala:41)
	at akka.dispatch.ForkJoinExecutorConfigurator$AkkaForkJoinTask.exec(ForkJoinExecutorConfigurator.scala:49)
	at akka.dispatch.forkjoin.ForkJoinTask.doExec(ForkJoinTask.java:260)
	at akka.dispatch.forkjoin.ForkJoinPool$WorkQueue.runTask(ForkJoinPool.java:1339)
	at akka.dispatch.forkjoin.ForkJoinPool.runWorker(ForkJoinPool.java:1979)
	at akka.dispatch.forkjoin.ForkJoinWorkerThread.run(ForkJoinWorkerThread.java:107)
2020-01-30 23:14:28,152 [WARN] from akka.util.ManifestInfo in application-akka.actor.default-dispatcher-4 - Detected possible incompatible versions on the classpath. Please note that a given Akka version MUST be the same across all modules of Akka that you are using, e.g. if you use [2.5.26] all other modules that are released together MUST be of the same version. Make sure you're using a compatible set of libraries. Possibly conflicting versions [2.5.22, 2.5.26] in libraries [akka-persistence:2.5.22, akka-protobuf:2.5.26, akka-coordination:2.5.22, akka-actor:2.5.26, akka-slf4j:2.5.26, akka-remote:2.5.22, akka-cluster:2.5.22, akka-stream:2.5.26, akka-cluster-tools:2.5.22]
2020-01-30 23:14:28,181 [INFO] from play.api.Play in play-dev-mode-akka.actor.default-dispatcher-34 - Application started (Dev) (no global state)
2020-01-30 23:14:28,216 [WARN] from controllers.AdminController in application-akka.actor.default-dispatcher-4 - name: Some(dw)
